# JRE version: OpenJDK Runtime Environment (8.0_76-b03) (build 1.8.0_76-release-b03)
# Java VM: OpenJDK 64-Bit Server VM (25.76-b03 mixed mode windows-amd64 compressed oops)
Heap:
 PSYoungGen      total 373760K, used 200335K [0x00000000e0000000, 0x00000000f9580000, 0x0000000100000000)
  eden space 334336K, 59% used [0x00000000e0000000,0x00000000ec3a3da0,0x00000000f4680000)
  from space 39424K, 0% used [0x00000000f6f00000,0x00000000f6f00000,0x00000000f9580000)
  to   space 40448K, 0% used [0x00000000f4680000,0x00000000f4680000,0x00000000f6e00000)
 ParOldGen       total 189952K, used 32979K [0x00000000a0000000, 0x00000000ab980000, 0x00000000e0000000)
  object space 189952K, 17% used [0x00000000a0000000,0x00000000a2034c18,0x00000000ab980000)
 Metaspace       used 70026K, capacity 72448K, committed 74520K, reserved 1114112K
  class space    used 8705K, capacity 9132K, committed 9752K, reserved 1048576K
GC Heap History (10 events):
Event: 3109.111 GC heap before
{Heap before GC invocations=49 (full 9):
 PSYoungGen      total 346112K, used 166250K [0x00000000e0000000, 0x00000000f8e00000, 0x0000000100000000)
  eden space 300032K, 52% used [0x00000000e0000000,0x00000000e9b22760,0x00000000f2500000)
  from space 46080K, 16% used [0x00000000f2500000,0x00000000f2c383a8,0x00000000f5200000)
  to   space 44544K, 0% used [0x00000000f6280000,0x00000000f6280000,0x00000000f8e00000)
 ParOldGen       total 189952K, used 39989K [0x00000000a0000000, 0x00000000ab980000, 0x00000000e0000000)
  object space 189952K, 21% used [0x00000000a0000000,0x00000000a270d450,0x00000000ab980000)
 Metaspace       used 69997K, capacity 72696K, committed 74264K, reserved 1114112K
  class space    used 8738K, capacity 9210K, committed 9752K, reserved 1048576K
Event: 3109.115 GC heap after
Heap after GC invocations=49 (full 9):
 PSYoungGen      total 361984K, used 784K [0x00000000e0000000, 0x00000000f8d00000, 0x0000000100000000)
  eden space 318464K, 0% used [0x00000000e0000000,0x00000000e0000000,0x00000000f3700000)
  from space 43520K, 1% used [0x00000000f6280000,0x00000000f6344010,0x00000000f8d00000)
  to   space 44032K, 0% used [0x00000000f3700000,0x00000000f3700000,0x00000000f6200000)
 ParOldGen       total 189952K, used 39997K [0x00000000a0000000, 0x00000000ab980000, 0x00000000e0000000)
  object space 189952K, 21% used [0x00000000a0000000,0x00000000a270f450,0x00000000ab980000)
 Metaspace       used 69997K, capacity 72696K, committed 74264K, reserved 1114112K
  class space    used 8738K, capacity 9210K, committed 9752K, reserved 1048576K
}
Event: 3109.115 GC heap before
{Heap before GC invocations=50 (full 10):
 PSYoungGen      total 361984K, used 784K [0x00000000e0000000, 0x00000000f8d00000, 0x0000000100000000)
  eden space 318464K, 0% used [0x00000000e0000000,0x00000000e0000000,0x00000000f3700000)
  from space 43520K, 1% used [0x00000000f6280000,0x00000000f6344010,0x00000000f8d00000)
  to   space 44032K, 0% used [0x00000000f3700000,0x00000000f3700000,0x00000000f6200000)
 ParOldGen       total 189952K, used 39997K [0x00000000a0000000, 0x00000000ab980000, 0x00000000e0000000)
  object space 189952K, 21% used [0x00000000a0000000,0x00000000a270f450,0x00000000ab980000)
 Metaspace       used 69997K, capacity 72696K, committed 74264K, reserved 1114112K
  class space    used 8738K, capacity 9210K, committed 9752K, reserved 1048576K
Event: 3109.693 GC heap after
Heap after GC invocations=50 (full 10):
 PSYoungGen      total 361984K, used 0K [0x00000000e0000000, 0x00000000f8d00000, 0x0000000100000000)
  eden space 318464K, 0% used [0x00000000e0000000,0x00000000e0000000,0x00000000f3700000)
  from space 43520K, 0% used [0x00000000f6280000,0x00000000f6280000,0x00000000f8d00000)
  to   space 44032K, 0% used [0x00000000f3700000,0x00000000f3700000,0x00000000f6200000)
 ParOldGen       total 189952K, used 40361K [0x00000000a0000000, 0x00000000ab980000, 0x00000000e0000000)
  object space 189952K, 21% used [0x00000000a0000000,0x00000000a276a7b0,0x00000000ab980000)
 Metaspace       used 69997K, capacity 72696K, committed 74264K, reserved 1114112K
  class space    used 8738K, capacity 9210K, committed 9752K, reserved 1048576K
}
Event: 4844.621 GC heap before
{Heap before GC invocations=51 (full 10):
 PSYoungGen      total 361984K, used 317769K [0x00000000e0000000, 0x00000000f8d00000, 0x0000000100000000)
  eden space 318464K, 99% used [0x00000000e0000000,0x00000000f3652770,0x00000000f3700000)
  from space 43520K, 0% used [0x00000000f6280000,0x00000000f6280000,0x00000000f8d00000)
  to   space 44032K, 0% used [0x00000000f3700000,0x00000000f3700000,0x00000000f6200000)
 ParOldGen       total 189952K, used 40361K [0x00000000a0000000, 0x00000000ab980000, 0x00000000e0000000)
  object space 189952K, 21% used [0x00000000a0000000,0x00000000a276a7b0,0x00000000ab980000)
 Metaspace       used 70218K, capacity 72958K, committed 74520K, reserved 1114112K
  class space    used 8757K, capacity 9235K, committed 9752K, reserved 1048576K
Event: 4844.650 GC heap after
Heap after GC invocations=51 (full 10):
 PSYoungGen      total 362496K, used 9166K [0x00000000e0000000, 0x00000000f9780000, 0x0000000100000000)
  eden space 318464K, 0% used [0x00000000e0000000,0x00000000e0000000,0x00000000f3700000)
  from space 44032K, 20% used [0x00000000f3700000,0x00000000f3ff3a58,0x00000000f6200000)
  to   space 41472K, 0% used [0x00000000f6f00000,0x00000000f6f00000,0x00000000f9780000)
 ParOldGen       total 189952K, used 40369K [0x00000000a0000000, 0x00000000ab980000, 0x00000000e0000000)
  object space 189952K, 21% used [0x00000000a0000000,0x00000000a276c7b0,0x00000000ab980000)
 Metaspace       used 70218K, capacity 72958K, committed 74520K, reserved 1114112K
  class space    used 8757K, capacity 9235K, committed 9752K, reserved 1048576K
}
Event: 4844.963 GC heap before
{Heap before GC invocations=52 (full 10):
 PSYoungGen      total 362496K, used 146481K [0x00000000e0000000, 0x00000000f9780000, 0x0000000100000000)
  eden space 318464K, 43% used [0x00000000e0000000,0x00000000e8618ce0,0x00000000f3700000)
  from space 44032K, 20% used [0x00000000f3700000,0x00000000f3ff3a58,0x00000000f6200000)
  to   space 41472K, 0% used [0x00000000f6f00000,0x00000000f6f00000,0x00000000f9780000)
 ParOldGen       total 189952K, used 40369K [0x00000000a0000000, 0x00000000ab980000, 0x00000000e0000000)
  object space 189952K, 21% used [0x00000000a0000000,0x00000000a276c7b0,0x00000000ab980000)
 Metaspace       used 70219K, capacity 72958K, committed 74520K, reserved 1114112K
  class space    used 8757K, capacity 9235K, committed 9752K, reserved 1048576K
Event: 4844.970 GC heap after
Heap after GC invocations=52 (full 10):
 PSYoungGen      total 373760K, used 432K [0x00000000e0000000, 0x00000000f9580000, 0x0000000100000000)
  eden space 334336K, 0% used [0x00000000e0000000,0x00000000e0000000,0x00000000f4680000)
  from space 39424K, 1% used [0x00000000f6f00000,0x00000000f6f6c010,0x00000000f9580000)
  to   space 40448K, 0% used [0x00000000f4680000,0x00000000f4680000,0x00000000f6e00000)
 ParOldGen       total 189952K, used 40377K [0x00000000a0000000, 0x00000000ab980000, 0x00000000e0000000)
  object space 189952K, 21% used [0x00000000a0000000,0x00000000a276e7b0,0x00000000ab980000)
 Metaspace       used 70219K, capacity 72958K, committed 74520K, reserved 1114112K
  class space    used 8757K, capacity 9235K, committed 9752K, reserved 1048576K
}
Event: 4844.970 GC heap before
{Heap before GC invocations=53 (full 11):
 PSYoungGen      total 373760K, used 432K [0x00000000e0000000, 0x00000000f9580000, 0x0000000100000000)
  eden space 334336K, 0% used [0x00000000e0000000,0x00000000e0000000,0x00000000f4680000)
  from space 39424K, 1% used [0x00000000f6f00000,0x00000000f6f6c010,0x00000000f9580000)
  to   space 40448K, 0% used [0x00000000f4680000,0x00000000f4680000,0x00000000f6e00000)
 ParOldGen       total 189952K, used 40377K [0x00000000a0000000, 0x00000000ab980000, 0x00000000e0000000)
  object space 189952K, 21% used [0x00000000a0000000,0x00000000a276e7b0,0x00000000ab980000)
 Metaspace       used 70219K, capacity 72958K, committed 74520K, reserved 1114112K
  class space    used 8757K, capacity 9235K, committed 9752K, reserved 1048576K
Event: 4845.389 GC heap after
Heap after GC invocations=53 (full 11):
 PSYoungGen      total 373760K, used 0K [0x00000000e0000000, 0x00000000f9580000, 0x0000000100000000)
  eden space 334336K, 0% used [0x00000000e0000000,0x00000000e0000000,0x00000000f4680000)
  from space 39424K, 0% used [0x00000000f6f00000,0x00000000f6f00000,0x00000000f9580000)
  to   space 40448K, 0% used [0x00000000f4680000,0x00000000f4680000,0x00000000f6e00000)
 ParOldGen       total 189952K, used 32979K [0x00000000a0000000, 0x00000000ab980000, 0x00000000e0000000)
  object space 189952K, 17% used [0x00000000a0000000,0x00000000a2034c18,0x00000000ab980000)
 Metaspace       used 69726K, capacity 71948K, committed 74520K, reserved 1114112K
  class space    used 8664K, capacity 9064K, committed 9752K, reserved 1048576K
}

