# JRE version: OpenJDK Runtime Environment (8.0_76-b03) (build 1.8.0_76-release-b03)
# Java VM: OpenJDK 64-Bit Server VM (25.76-b03 mixed mode windows-amd64 compressed oops)
Heap:
 PSYoungGen      total 112640K, used 51808K [0x00000000e0000000, 0x00000000ea700000, 0x0000000100000000)
  eden space 101888K, 41% used [0x00000000e0000000,0x00000000e290ff00,0x00000000e6380000)
  from space 10752K, 90% used [0x00000000e6380000,0x00000000e6d081d0,0x00000000e6e00000)
  to   space 11776K, 0% used [0x00000000e9b80000,0x00000000e9b80000,0x00000000ea700000)
 ParOldGen       total 48640K, used 14555K [0x00000000a0000000, 0x00000000a2f80000, 0x00000000e0000000)
  object space 48640K, 29% used [0x00000000a0000000,0x00000000a0e36d78,0x00000000a2f80000)
 Metaspace       used 43771K, capacity 44678K, committed 45104K, reserved 1087488K
  class space    used 5809K, capacity 6071K, committed 6192K, reserved 1048576K
GC Heap History (10 events):
Event: 18.987 GC heap before
{Heap before GC invocations=13 (full 1):
 PSYoungGen      total 63488K, used 9836K [0x00000000e0000000, 0x00000000e5780000, 0x0000000100000000)
  eden space 54784K, 2% used [0x00000000e0000000,0x00000000e011ce48,0x00000000e3580000)
  from space 8704K, 99% used [0x00000000e3580000,0x00000000e3dfe4f0,0x00000000e3e00000)
  to   space 10240K, 0% used [0x00000000e4d80000,0x00000000e4d80000,0x00000000e5780000)
 ParOldGen       total 40960K, used 9666K [0x00000000a0000000, 0x00000000a2800000, 0x00000000e0000000)
  object space 40960K, 23% used [0x00000000a0000000,0x00000000a09709b8,0x00000000a2800000)
 Metaspace       used 34604K, capacity 35158K, committed 35496K, reserved 1079296K
  class space    used 4643K, capacity 4818K, committed 4912K, reserved 1048576K
Event: 19.002 GC heap after
Heap after GC invocations=13 (full 1):
 PSYoungGen      total 79360K, used 7615K [0x00000000e0000000, 0x00000000e6680000, 0x0000000100000000)
  eden space 69120K, 0% used [0x00000000e0000000,0x00000000e0000000,0x00000000e4380000)
  from space 10240K, 74% used [0x00000000e4d80000,0x00000000e54effd0,0x00000000e5780000)
  to   space 10240K, 0% used [0x00000000e4380000,0x00000000e4380000,0x00000000e4d80000)
 ParOldGen       total 40960K, used 9666K [0x00000000a0000000, 0x00000000a2800000, 0x00000000e0000000)
  object space 40960K, 23% used [0x00000000a0000000,0x00000000a09709b8,0x00000000a2800000)
 Metaspace       used 34604K, capacity 35158K, committed 35496K, reserved 1079296K
  class space    used 4643K, capacity 4818K, committed 4912K, reserved 1048576K
}
Event: 19.002 GC heap before
{Heap before GC invocations=14 (full 2):
 PSYoungGen      total 79360K, used 7615K [0x00000000e0000000, 0x00000000e6680000, 0x0000000100000000)
  eden space 69120K, 0% used [0x00000000e0000000,0x00000000e0000000,0x00000000e4380000)
  from space 10240K, 74% used [0x00000000e4d80000,0x00000000e54effd0,0x00000000e5780000)
  to   space 10240K, 0% used [0x00000000e4380000,0x00000000e4380000,0x00000000e4d80000)
 ParOldGen       total 40960K, used 9666K [0x00000000a0000000, 0x00000000a2800000, 0x00000000e0000000)
  object space 40960K, 23% used [0x00000000a0000000,0x00000000a09709b8,0x00000000a2800000)
 Metaspace       used 34604K, capacity 35158K, committed 35496K, reserved 1079296K
  class space    used 4643K, capacity 4818K, committed 4912K, reserved 1048576K
Event: 19.162 GC heap after
Heap after GC invocations=14 (full 2):
 PSYoungGen      total 79360K, used 0K [0x00000000e0000000, 0x00000000e6680000, 0x0000000100000000)
  eden space 69120K, 0% used [0x00000000e0000000,0x00000000e0000000,0x00000000e4380000)
  from space 10240K, 0% used [0x00000000e4d80000,0x00000000e4d80000,0x00000000e5780000)
  to   space 10240K, 0% used [0x00000000e4380000,0x00000000e4380000,0x00000000e4d80000)
 ParOldGen       total 48640K, used 14467K [0x00000000a0000000, 0x00000000a2f80000, 0x00000000e0000000)
  object space 48640K, 29% used [0x00000000a0000000,0x00000000a0e20d68,0x00000000a2f80000)
 Metaspace       used 34604K, capacity 35158K, committed 35496K, reserved 1079296K
  class space    used 4643K, capacity 4818K, committed 4912K, reserved 1048576K
}
Event: 25.076 GC heap before
{Heap before GC invocations=15 (full 2):
 PSYoungGen      total 79360K, used 69120K [0x00000000e0000000, 0x00000000e6680000, 0x0000000100000000)
  eden space 69120K, 100% used [0x00000000e0000000,0x00000000e4380000,0x00000000e4380000)
  from space 10240K, 0% used [0x00000000e4d80000,0x00000000e4d80000,0x00000000e5780000)
  to   space 10240K, 0% used [0x00000000e4380000,0x00000000e4380000,0x00000000e4d80000)
 ParOldGen       total 48640K, used 14467K [0x00000000a0000000, 0x00000000a2f80000, 0x00000000e0000000)
  object space 48640K, 29% used [0x00000000a0000000,0x00000000a0e20d68,0x00000000a2f80000)
 Metaspace       used 40451K, capacity 41264K, committed 41520K, reserved 1085440K
  class space    used 5429K, capacity 5656K, committed 5680K, reserved 1048576K
Event: 25.087 GC heap after
Heap after GC invocations=15 (full 2):
 PSYoungGen      total 79360K, used 6020K [0x00000000e0000000, 0x00000000e7900000, 0x0000000100000000)
  eden space 69120K, 0% used [0x00000000e0000000,0x00000000e0000000,0x00000000e4380000)
  from space 10240K, 58% used [0x00000000e4380000,0x00000000e4961130,0x00000000e4d80000)
  to   space 10240K, 0% used [0x00000000e6f00000,0x00000000e6f00000,0x00000000e7900000)
 ParOldGen       total 48640K, used 14539K [0x00000000a0000000, 0x00000000a2f80000, 0x00000000e0000000)
  object space 48640K, 29% used [0x00000000a0000000,0x00000000a0e32d78,0x00000000a2f80000)
 Metaspace       used 40451K, capacity 41264K, committed 41520K, reserved 1085440K
  class space    used 5429K, capacity 5656K, committed 5680K, reserved 1048576K
}
Event: 26.632 GC heap before
{Heap before GC invocations=16 (full 2):
 PSYoungGen      total 79360K, used 75140K [0x00000000e0000000, 0x00000000e7900000, 0x0000000100000000)
  eden space 69120K, 100% used [0x00000000e0000000,0x00000000e4380000,0x00000000e4380000)
  from space 10240K, 58% used [0x00000000e4380000,0x00000000e4961130,0x00000000e4d80000)
  to   space 10240K, 0% used [0x00000000e6f00000,0x00000000e6f00000,0x00000000e7900000)
 ParOldGen       total 48640K, used 14539K [0x00000000a0000000, 0x00000000a2f80000, 0x00000000e0000000)
  object space 48640K, 29% used [0x00000000a0000000,0x00000000a0e32d78,0x00000000a2f80000)
 Metaspace       used 41431K, capacity 42268K, committed 42672K, reserved 1085440K
  class space    used 5501K, capacity 5738K, committed 5808K, reserved 1048576K
Event: 26.644 GC heap after
Heap after GC invocations=16 (full 2):
 PSYoungGen      total 111616K, used 8782K [0x00000000e0000000, 0x00000000e7880000, 0x0000000100000000)
  eden space 101888K, 0% used [0x00000000e0000000,0x00000000e0000000,0x00000000e6380000)
  from space 9728K, 90% used [0x00000000e6f00000,0x00000000e7793988,0x00000000e7880000)
  to   space 10752K, 0% used [0x00000000e6380000,0x00000000e6380000,0x00000000e6e00000)
 ParOldGen       total 48640K, used 14547K [0x00000000a0000000, 0x00000000a2f80000, 0x00000000e0000000)
  object space 48640K, 29% used [0x00000000a0000000,0x00000000a0e34d78,0x00000000a2f80000)
 Metaspace       used 41431K, capacity 42268K, committed 42672K, reserved 1085440K
  class space    used 5501K, capacity 5738K, committed 5808K, reserved 1048576K
}
Event: 29.521 GC heap before
{Heap before GC invocations=17 (full 2):
 PSYoungGen      total 111616K, used 110670K [0x00000000e0000000, 0x00000000e7880000, 0x0000000100000000)
  eden space 101888K, 100% used [0x00000000e0000000,0x00000000e6380000,0x00000000e6380000)
  from space 9728K, 90% used [0x00000000e6f00000,0x00000000e7793988,0x00000000e7880000)
  to   space 10752K, 0% used [0x00000000e6380000,0x00000000e6380000,0x00000000e6e00000)
 ParOldGen       total 48640K, used 14547K [0x00000000a0000000, 0x00000000a2f80000, 0x00000000e0000000)
  object space 48640K, 29% used [0x00000000a0000000,0x00000000a0e34d78,0x00000000a2f80000)
 Metaspace       used 41653K, capacity 42478K, committed 42928K, reserved 1087488K
  class space    used 5512K, capacity 5741K, committed 5808K, reserved 1048576K
Event: 29.537 GC heap after
Heap after GC invocations=17 (full 2):
 PSYoungGen      total 112640K, used 9760K [0x00000000e0000000, 0x00000000ea700000, 0x0000000100000000)
  eden space 101888K, 0% used [0x00000000e0000000,0x00000000e0000000,0x00000000e6380000)
  from space 10752K, 90% used [0x00000000e6380000,0x00000000e6d081d0,0x00000000e6e00000)
  to   space 11776K, 0% used [0x00000000e9b80000,0x00000000e9b80000,0x00000000ea700000)
 ParOldGen       total 48640K, used 14555K [0x00000000a0000000, 0x00000000a2f80000, 0x00000000e0000000)
  object space 48640K, 29% used [0x00000000a0000000,0x00000000a0e36d78,0x00000000a2f80000)
 Metaspace       used 41653K, capacity 42478K, committed 42928K, reserved 1087488K
  class space    used 5512K, capacity 5741K, committed 5808K, reserved 1048576K
}

