# JRE version: OpenJDK Runtime Environment (8.0_76-b03) (build 1.8.0_76-release-b03)
# Java VM: OpenJDK 64-Bit Server VM (25.76-b03 mixed mode windows-amd64 compressed oops)
Heap:
 PSYoungGen      total 379392K, used 50696K [0x00000000e0000000, 0x0000000100000000, 0x0000000100000000)
  eden space 367104K, 13% used [0x00000000e0000000,0x00000000e31821b8,0x00000000f6680000)
  from space 12288K, 0% used [0x00000000f8b00000,0x00000000f8b00000,0x00000000f9700000)
  to   space 37376K, 0% used [0x00000000f6680000,0x00000000f6680000,0x00000000f8b00000)
 ParOldGen       total 112640K, used 112631K [0x00000000a0000000, 0x00000000a6e00000, 0x00000000e0000000)
  object space 112640K, 99% used [0x00000000a0000000,0x00000000a6dfdd90,0x00000000a6e00000)
 Metaspace       used 73744K, capacity 79460K, committed 79664K, reserved 1118208K
  class space    used 9236K, capacity 9892K, committed 10032K, reserved 1048576K
GC Heap History (10 events):
Event: 4315.820 GC heap before
{Heap before GC invocations=61 (full 14):
 PSYoungGen      total 388096K, used 800K [0x00000000e0000000, 0x00000000f8f00000, 0x0000000100000000)
  eden space 376320K, 0% used [0x00000000e0000000,0x00000000e0000000,0x00000000f6f80000)
  from space 11776K, 6% used [0x00000000f6f80000,0x00000000f7048020,0x00000000f7b00000)
  to   space 11776K, 0% used [0x00000000f8380000,0x00000000f8380000,0x00000000f8f00000)
 ParOldGen       total 112640K, used 39835K [0x00000000a0000000, 0x00000000a6e00000, 0x00000000e0000000)
  object space 112640K, 35% used [0x00000000a0000000,0x00000000a26e6fb8,0x00000000a6e00000)
 Metaspace       used 72475K, capacity 78000K, committed 78384K, reserved 1118208K
  class space    used 9138K, capacity 9764K, committed 10032K, reserved 1048576K
Event: 4316.281 GC heap after
Heap after GC invocations=61 (full 14):
 PSYoungGen      total 388096K, used 0K [0x00000000e0000000, 0x00000000f8f00000, 0x0000000100000000)
  eden space 376320K, 0% used [0x00000000e0000000,0x00000000e0000000,0x00000000f6f80000)
  from space 11776K, 0% used [0x00000000f6f80000,0x00000000f6f80000,0x00000000f7b00000)
  to   space 11776K, 0% used [0x00000000f8380000,0x00000000f8380000,0x00000000f8f00000)
 ParOldGen       total 112640K, used 39323K [0x00000000a0000000, 0x00000000a6e00000, 0x00000000e0000000)
  object space 112640K, 34% used [0x00000000a0000000,0x00000000a2666f28,0x00000000a6e00000)
 Metaspace       used 72475K, capacity 78000K, committed 78384K, reserved 1118208K
  class space    used 9138K, capacity 9764K, committed 10032K, reserved 1048576K
}
Event: 4384.735 GC heap before
{Heap before GC invocations=62 (full 14):
 PSYoungGen      total 388096K, used 376320K [0x00000000e0000000, 0x00000000f8f00000, 0x0000000100000000)
  eden space 376320K, 100% used [0x00000000e0000000,0x00000000f6f80000,0x00000000f6f80000)
  from space 11776K, 0% used [0x00000000f6f80000,0x00000000f6f80000,0x00000000f7b00000)
  to   space 11776K, 0% used [0x00000000f8380000,0x00000000f8380000,0x00000000f8f00000)
 ParOldGen       total 112640K, used 39323K [0x00000000a0000000, 0x00000000a6e00000, 0x00000000e0000000)
  object space 112640K, 34% used [0x00000000a0000000,0x00000000a2666f28,0x00000000a6e00000)
 Metaspace       used 72578K, capacity 78176K, committed 78640K, reserved 1118208K
  class space    used 9154K, capacity 9780K, committed 10032K, reserved 1048576K
Event: 4384.745 GC heap after
Heap after GC invocations=62 (full 14):
 PSYoungGen      total 393728K, used 2272K [0x00000000e0000000, 0x00000000f8d80000, 0x0000000100000000)
  eden space 383488K, 0% used [0x00000000e0000000,0x00000000e0000000,0x00000000f7680000)
  from space 10240K, 22% used [0x00000000f8380000,0x00000000f85b8000,0x00000000f8d80000)
  to   space 11776K, 0% used [0x00000000f7680000,0x00000000f7680000,0x00000000f8200000)
 ParOldGen       total 112640K, used 39331K [0x00000000a0000000, 0x00000000a6e00000, 0x00000000e0000000)
  object space 112640K, 34% used [0x00000000a0000000,0x00000000a2668f28,0x00000000a6e00000)
 Metaspace       used 72578K, capacity 78176K, committed 78640K, reserved 1118208K
  class space    used 9154K, capacity 9780K, committed 10032K, reserved 1048576K
}
Event: 4407.407 GC heap before
{Heap before GC invocations=63 (full 14):
 PSYoungGen      total 393728K, used 385179K [0x00000000e0000000, 0x00000000f8d80000, 0x0000000100000000)
  eden space 383488K, 99% used [0x00000000e0000000,0x00000000f75eedf8,0x00000000f7680000)
  from space 10240K, 22% used [0x00000000f8380000,0x00000000f85b8000,0x00000000f8d80000)
  to   space 11776K, 0% used [0x00000000f7680000,0x00000000f7680000,0x00000000f8200000)
 ParOldGen       total 112640K, used 39331K [0x00000000a0000000, 0x00000000a6e00000, 0x00000000e0000000)
  object space 112640K, 34% used [0x00000000a0000000,0x00000000a2668f28,0x00000000a6e00000)
 Metaspace       used 73554K, capacity 79204K, committed 79408K, reserved 1118208K
  class space    used 9227K, capacity 9892K, committed 10032K, reserved 1048576K
Event: 4407.442 GC heap after
Heap after GC invocations=63 (full 14):
 PSYoungGen      total 395264K, used 8569K [0x00000000e0000000, 0x00000000f9700000, 0x0000000100000000)
  eden space 383488K, 0% used [0x00000000e0000000,0x00000000e0000000,0x00000000f7680000)
  from space 11776K, 72% used [0x00000000f7680000,0x00000000f7ede5b8,0x00000000f8200000)
  to   space 12288K, 0% used [0x00000000f8b00000,0x00000000f8b00000,0x00000000f9700000)
 ParOldGen       total 112640K, used 39339K [0x00000000a0000000, 0x00000000a6e00000, 0x00000000e0000000)
  object space 112640K, 34% used [0x00000000a0000000,0x00000000a266af28,0x00000000a6e00000)
 Metaspace       used 73554K, capacity 79204K, committed 79408K, reserved 1118208K
  class space    used 9227K, capacity 9892K, committed 10032K, reserved 1048576K
}
Event: 4412.882 GC heap before
{Heap before GC invocations=64 (full 14):
 PSYoungGen      total 395264K, used 392057K [0x00000000e0000000, 0x00000000f9700000, 0x0000000100000000)
  eden space 383488K, 100% used [0x00000000e0000000,0x00000000f7680000,0x00000000f7680000)
  from space 11776K, 72% used [0x00000000f7680000,0x00000000f7ede5b8,0x00000000f8200000)
  to   space 12288K, 0% used [0x00000000f8b00000,0x00000000f8b00000,0x00000000f9700000)
 ParOldGen       total 112640K, used 39339K [0x00000000a0000000, 0x00000000a6e00000, 0x00000000e0000000)
  object space 112640K, 34% used [0x00000000a0000000,0x00000000a266af28,0x00000000a6e00000)
 Metaspace       used 73732K, capacity 79396K, committed 79664K, reserved 1118208K
  class space    used 9236K, capacity 9892K, committed 10032K, reserved 1048576K
Event: 4414.203 GC heap after
Heap after GC invocations=64 (full 14):
 PSYoungGen      total 379392K, used 12277K [0x00000000e0000000, 0x0000000100000000, 0x0000000100000000)
  eden space 367104K, 0% used [0x00000000e0000000,0x00000000e0000000,0x00000000f6680000)
  from space 12288K, 99% used [0x00000000f8b00000,0x00000000f96fd678,0x00000000f9700000)
  to   space 37376K, 0% used [0x00000000f6680000,0x00000000f6680000,0x00000000f8b00000)
 ParOldGen       total 112640K, used 101964K [0x00000000a0000000, 0x00000000a6e00000, 0x00000000e0000000)
  object space 112640K, 90% used [0x00000000a0000000,0x00000000a6393058,0x00000000a6e00000)
 Metaspace       used 73732K, capacity 79396K, committed 79664K, reserved 1118208K
  class space    used 9236K, capacity 9892K, committed 10032K, reserved 1048576K
}
Event: 4414.203 GC heap before
{Heap before GC invocations=65 (full 15):
 PSYoungGen      total 379392K, used 12277K [0x00000000e0000000, 0x0000000100000000, 0x0000000100000000)
  eden space 367104K, 0% used [0x00000000e0000000,0x00000000e0000000,0x00000000f6680000)
  from space 12288K, 99% used [0x00000000f8b00000,0x00000000f96fd678,0x00000000f9700000)
  to   space 37376K, 0% used [0x00000000f6680000,0x00000000f6680000,0x00000000f8b00000)
 ParOldGen       total 112640K, used 101964K [0x00000000a0000000, 0x00000000a6e00000, 0x00000000e0000000)
  object space 112640K, 90% used [0x00000000a0000000,0x00000000a6393058,0x00000000a6e00000)
 Metaspace       used 73732K, capacity 79396K, committed 79664K, reserved 1118208K
  class space    used 9236K, capacity 9892K, committed 10032K, reserved 1048576K
Event: 4416.148 GC heap after
Heap after GC invocations=65 (full 15):
 PSYoungGen      total 379392K, used 0K [0x00000000e0000000, 0x0000000100000000, 0x0000000100000000)
  eden space 367104K, 0% used [0x00000000e0000000,0x00000000e0000000,0x00000000f6680000)
  from space 12288K, 0% used [0x00000000f8b00000,0x00000000f8b00000,0x00000000f9700000)
  to   space 37376K, 0% used [0x00000000f6680000,0x00000000f6680000,0x00000000f8b00000)
 ParOldGen       total 112640K, used 112631K [0x00000000a0000000, 0x00000000a6e00000, 0x00000000e0000000)
  object space 112640K, 99% used [0x00000000a0000000,0x00000000a6dfdd90,0x00000000a6e00000)
 Metaspace       used 73732K, capacity 79396K, committed 79664K, reserved 1118208K
  class space    used 9236K, capacity 9892K, committed 10032K, reserved 1048576K
}

